IQ-TREE multicore version 2.2.0 COVID-edition for Mac OS X 64-bit built Jun  1 2022
Developed by Bui Quang Minh, James Barbetti, Nguyen Lam Tung,
Olga Chernomor, Heiko Schmidt, Dominik Schrempf, Michael Woodhams, Ly Trong Nhan.

Host:    Rajvis-MacBook-Air.local (SSE4.2, 8 GB RAM)
Command: bin/iqtree2 -s pestis-pMT1-all-mafft-iqtree.fasta
Seed:    607306 (Using SPRNG - Scalable Parallel Random Number Generator)
Time:    Thu Mar 23 15:33:33 2023
Kernel:  SSE2 - 1 threads (8 CPU cores detected)

HINT: Use -nt option to specify number of threads because your CPU has 8 cores!
HINT: -nt AUTO will automatically determine the best number of threads to use.

Reading alignment file pestis-pMT1-all-mafft-iqtree.fasta ... Fasta format detected
Reading fasta file: done in 0.168643 secs using 97.05% CPU
Alignment most likely contains DNA/RNA sequences
Constructing alignment: done in 0.146783 secs using 68.79% CPU
Alignment has 13 sequences with 263294 columns, 943 distinct patterns
33235 parsimony-informative, 15366 singleton sites, 214693 constant sites
               Gap/Ambiguity  Composition  p-value
Analyzing sequences: done in 3.09944e-05 secs using 74.21% CPU
   1  CP000309.1      63.36%    failed      0.00%
   2  CP000306.1      61.67%    failed      0.00%
   3  AE017045.1      59.50%    failed      0.00%
   4  NC_017266.1     62.29%    failed      0.00%
   5  NZ_CP016275.1   63.46%    failed      0.00%
   6  NZ_CP045637.1   61.67%    failed      0.00%
   7  NC_009596.1     63.46%    failed      0.00%
   8  NC_003134.1     63.46%    failed      4.91%
   9  NC_017155.1     64.20%    failed      0.00%
  10  NC_014022.1     64.20%    failed      0.00%
  11  CP010248.1      48.01%    failed      0.00%
  12  CP045159.1      61.37%    failed      0.00%
  13  CP009714.1      47.97%    failed      0.00%
WARNING: 11 sequences contain more than 50% gaps/ambiguity
****  TOTAL           60.36%  13 sequences failed composition chi2 test (p-value<5%; df=3)
NOTE: minimal branch length is reduced to 0.000000379804 for long alignment
Checking for duplicate sequences: done in 4.81606e-05 secs using 83.06% CPU


Create initial parsimony tree by phylogenetic likelihood library (PLL)... 0.008 seconds
Perform fast likelihood tree search using GTR+I+G model...
Estimate model parameters (epsilon = 5.000)
Perform nearest neighbor interchange...
Optimizing NNI: done in 0.0474901 secs using 98.88% CPU
Estimate model parameters (epsilon = 1.000)
1. Initial log-likelihood: -539211.523
2. Current log-likelihood: -539206.813
3. Current log-likelihood: -539202.860
4. Current log-likelihood: -539198.988
5. Current log-likelihood: -539195.226
6. Current log-likelihood: -539191.535
7. Current log-likelihood: -539187.939
8. Current log-likelihood: -539184.421
9. Current log-likelihood: -539180.984
10. Current log-likelihood: -539177.620
11. Current log-likelihood: -539174.330
12. Current log-likelihood: -539171.111
13. Current log-likelihood: -539167.962
14. Current log-likelihood: -539164.880
15. Current log-likelihood: -539161.864
16. Current log-likelihood: -539158.910
17. Current log-likelihood: -539156.019
18. Current log-likelihood: -539153.188
19. Current log-likelihood: -539150.417
20. Current log-likelihood: -539147.703
21. Current log-likelihood: -539145.045
22. Current log-likelihood: -539142.442
23. Current log-likelihood: -539139.893
24. Current log-likelihood: -539137.395
25. Current log-likelihood: -539134.949
26. Current log-likelihood: -539132.552
27. Current log-likelihood: -539130.204
28. Current log-likelihood: -539127.903
29. Current log-likelihood: -539125.649
30. Current log-likelihood: -539123.440
31. Current log-likelihood: -539121.275
32. Current log-likelihood: -539119.153
33. Current log-likelihood: -539117.074
34. Current log-likelihood: -539115.036
35. Current log-likelihood: -539113.038
36. Current log-likelihood: -539111.080
37. Current log-likelihood: -539109.160
38. Current log-likelihood: -539107.278
39. Current log-likelihood: -539105.433
40. Current log-likelihood: -539103.625
41. Current log-likelihood: -539101.851
42. Current log-likelihood: -539100.112
43. Current log-likelihood: -539098.407
44. Current log-likelihood: -539096.735
45. Current log-likelihood: -539095.095
46. Current log-likelihood: -539093.486
47. Current log-likelihood: -539091.909
48. Current log-likelihood: -539090.362
49. Current log-likelihood: -539088.845
50. Current log-likelihood: -539087.357
51. Current log-likelihood: -539085.897
52. Current log-likelihood: -539084.465
53. Current log-likelihood: -539083.060
54. Current log-likelihood: -539081.683
55. Current log-likelihood: -539080.331
56. Current log-likelihood: -539079.004
57. Current log-likelihood: -539077.703
58. Current log-likelihood: -539076.427
59. Current log-likelihood: -539075.174
60. Current log-likelihood: -539073.945
61. Current log-likelihood: -539072.739
62. Current log-likelihood: -539071.556
63. Current log-likelihood: -539070.394
64. Current log-likelihood: -539069.255
65. Current log-likelihood: -539068.136
66. Current log-likelihood: -539067.039
67. Current log-likelihood: -539065.962
68. Current log-likelihood: -539064.905
69. Current log-likelihood: -539063.867
70. Current log-likelihood: -539062.849
Optimal log-likelihood: -539061.848
Rate parameters:  A-C: 1.01771  A-G: 2.71478  A-T: 1.01969  C-G: 1.00120  C-T: 2.47065  G-T: 1.00000
Base frequencies:  A: 0.241  C: 0.256  G: 0.250  T: 0.253
Proportion of invariable sites: 0.012
Gamma shape alpha: 998.426
Parameters optimization took 70 rounds (0.664 sec)
Time for fast ML tree search: 1.598 seconds

NOTE: ModelFinder requires 3 MB RAM!
ModelFinder will test up to 484 DNA models (sample size: 263294) ...
 No. Model         -LnL         df  AIC          AICc         BIC
  1  GTR+F         539004.042   31  1078070.085  1078070.092  1078394.997
  2  GTR+F+I       539004.044   32  1078072.088  1078072.097  1078407.481
  3  GTR+F+G4      539006.648   32  1078077.296  1078077.304  1078412.688
  4  GTR+F+I+G4    539016.512   33  1078099.024  1078099.033  1078444.898
  5  GTR+F+R2      539004.092   33  1078074.184  1078074.193  1078420.058
  6  GTR+F+R3      539004.115   35  1078078.231  1078078.240  1078445.066
 14  GTR+F+I+I+R2  539036.978   34  1078141.956  1078141.966  1078498.311
 15  GTR+F+I+I+R3  539020.080   36  1078112.161  1078112.171  1078489.478
 16  GTR+F+I+I+R4  539015.640   38  1078107.279  1078107.290  1078505.558
 23  SYM           538973.668   28  1078003.337  1078003.343  1078296.806
 45  TVM+F         539027.360   30  1078114.719  1078114.726  1078429.150
 67  TVMe          538981.992   27  1078017.983  1078017.989  1078300.971
 89  TIM3+F        539004.682   29  1078067.364  1078067.370  1078371.313
111  TIM3e         538973.627   26  1077999.255  1077999.260  1078271.762
133  TIM2+F        539004.153   29  1078066.306  1078066.312  1078370.256
155  TIM2e         538973.661   26  1077999.323  1077999.328  1078271.830
177  TIM+F         539004.671   29  1078067.343  1078067.349  1078371.292
199  TIMe          538973.653   26  1077999.305  1077999.311  1078271.812
221  TPM3u+F       539028.083   28  1078112.166  1078112.172  1078405.635
243  TPM3          538981.968   25  1078013.937  1078013.942  1078275.962
265  TPM2u+F       539027.407   28  1078110.814  1078110.820  1078404.282
287  TPM2          538982.009   25  1078014.019  1078014.024  1078276.044
309  K3Pu+F        539028.003   28  1078112.005  1078112.011  1078405.474
331  K3P           538981.998   25  1078013.996  1078014.001  1078276.022
353  TN+F          539004.675   28  1078065.350  1078065.356  1078358.819
375  TNe           538973.654   25  1077997.309  1077997.314  1078259.335
397  HKY+F         539028.001   27  1078110.003  1078110.008  1078392.990
419  K2P           538981.999   24  1078011.998  1078012.003  1078263.543
441  F81+F         543119.481   26  1086290.962  1086290.968  1086563.469
463  JC            543080.040   23  1086206.081  1086206.085  1086447.144
Akaike Information Criterion:           TNe
Corrected Akaike Information Criterion: TNe
Bayesian Information Criterion:         TNe
Best-fit model: TNe chosen according to BIC

All model information printed to pestis-pMT1-all-mafft-iqtree.fasta.model.gz
CPU time for ModelFinder: 7.185 seconds (0h:0m:7s)
Wall-clock time for ModelFinder: 7.241 seconds (0h:0m:7s)

NOTE: 0 MB RAM (0 GB) is required!
Estimate model parameters (epsilon = 0.100)
1. Initial log-likelihood: -538973.654
Optimal log-likelihood: -538973.654
Rate parameters:  A-C: 1.00000  A-G: 2.63321  A-T: 1.00000  C-G: 1.00000  C-T: 2.48981  G-T: 1.00000
Base frequencies:  A: 0.250  C: 0.250  G: 0.250  T: 0.250
Parameters optimization took 1 rounds (0.003 sec)
Wrote distance file to... 
Computing ML distances based on estimated model parameters...
Calculating distance matrix: done in 0.000473976 secs using 69.41% CPU
Computing ML distances took 0.000548 sec (of wall-clock time) 0.000394 sec (of CPU time)
Setting up auxiliary I and S matrices: done in 2.09808e-05 secs using 119.2% CPU
Constructing RapidNJ tree: done in 3.19481e-05 secs using 90.77% CPU
Computing RapidNJ tree took 0.000089 sec (of wall-clock time) 0.000084 sec (of CPU time)
Log-likelihood of RapidNJ tree: -539559.984
--------------------------------------------------------------------
|             INITIALIZING CANDIDATE TREE SET                      |
--------------------------------------------------------------------
Generating 98 parsimony trees... 1.243 second
Computing log-likelihood of 98 initial trees ... 0.093 seconds
Current best score: -538973.654

Do NNI search on 20 best initial trees
Optimizing NNI: done in 0.0028801 secs using 99.89% CPU
Estimate model parameters (epsilon = 0.100)
BETTER TREE FOUND at iteration 1: -538973.654
Optimizing NNI: done in 0.0204098 secs using 99.37% CPU
Optimizing NNI: done in 0.0154409 secs using 99.61% CPU
Optimizing NNI: done in 0.016156 secs using 99.56% CPU
Optimizing NNI: done in 0.0164092 secs using 99.7% CPU
Optimizing NNI: done in 0.0146189 secs using 99.26% CPU
Optimizing NNI: done in 0.0177081 secs using 99.02% CPU
Optimizing NNI: done in 0.0167608 secs using 99.87% CPU
Optimizing NNI: done in 0.0166399 secs using 99.77% CPU
Optimizing NNI: done in 0.0144219 secs using 99.97% CPU
Iteration 10 / LogL: -539098.822 / Time: 0h:0m:1s
Optimizing NNI: done in 0.0174119 secs using 99.98% CPU
Optimizing NNI: done in 0.016191 secs using 99.98% CPU
Optimizing NNI: done in 0.0161881 secs using 99.98% CPU
Optimizing NNI: done in 0.0140378 secs using 99.99% CPU
Optimizing NNI: done in 0.014642 secs using 99.98% CPU
Estimate model parameters (epsilon = 0.100)
UPDATE BEST LOG-LIKELIHOOD: -538973.603
Optimizing NNI: done in 0.0163109 secs using 99.98% CPU
Optimizing NNI: done in 0.0137179 secs using 99.99% CPU
Optimizing NNI: done in 0.0136759 secs using 99.93% CPU
Optimizing NNI: done in 0.012887 secs using 99.75% CPU
Optimizing NNI: done in 0.013653 secs using 99.86% CPU
Iteration 20 / LogL: -539098.828 / Time: 0h:0m:1s
Finish initializing candidate tree set (4)
Current best tree score: -538973.603 / CPU time: 1.648
Number of iterations: 20
--------------------------------------------------------------------
|               OPTIMIZING CANDIDATE TREE SET                      |
--------------------------------------------------------------------
Optimizing NNI: done in 0.0138111 secs using 99.93% CPU
Optimizing NNI: done in 0.0237761 secs using 99.89% CPU
Optimizing NNI: done in 0.0199149 secs using 99.51% CPU
Optimizing NNI: done in 0.012105 secs using 99.87% CPU
Optimizing NNI: done in 0.0179992 secs using 99.86% CPU
Optimizing NNI: done in 0.0182481 secs using 99.58% CPU
Optimizing NNI: done in 0.0211189 secs using 99.91% CPU
Optimizing NNI: done in 0.0204999 secs using 99.49% CPU
Optimizing NNI: done in 0.017514 secs using 99.22% CPU
Optimizing NNI: done in 0.0086 secs using 98.99% CPU
Iteration 30 / LogL: -538973.709 / Time: 0h:0m:1s (0h:0m:4s left)
Optimizing NNI: done in 0.0221589 secs using 99.39% CPU
Optimizing NNI: done in 0.023056 secs using 99.41% CPU
Optimizing NNI: done in 0.0292959 secs using 99.22% CPU
Optimizing NNI: done in 0.016747 secs using 99.48% CPU
Optimizing NNI: done in 0.0258009 secs using 99.27% CPU
Optimizing NNI: done in 0.020997 secs using 99.65% CPU
Optimizing NNI: done in 0.017736 secs using 99.36% CPU
Optimizing NNI: done in 0.026891 secs using 99.27% CPU
Optimizing NNI: done in 0.00584292 secs using 99.39% CPU
Optimizing NNI: done in 0.00947189 secs using 99.44% CPU
Iteration 40 / LogL: -538973.676 / Time: 0h:0m:2s (0h:0m:3s left)
Optimizing NNI: done in 0.00990009 secs using 99.77% CPU
Optimizing NNI: done in 0.027585 secs using 99.19% CPU
Optimizing NNI: done in 0.0200219 secs using 99.19% CPU
Optimizing NNI: done in 0.0201461 secs using 99.95% CPU
Optimizing NNI: done in 0.0185149 secs using 99.98% CPU
Optimizing NNI: done in 0.019403 secs using 99.98% CPU
Optimizing NNI: done in 0.0161829 secs using 99.98% CPU
Optimizing NNI: done in 0.0114329 secs using 99.97% CPU
Optimizing NNI: done in 0.0256171 secs using 99.86% CPU
Optimizing NNI: done in 0.0242851 secs using 99.87% CPU
Iteration 50 / LogL: -538973.721 / Time: 0h:0m:2s (0h:0m:2s left)
Optimizing NNI: done in 0.0083971 secs using 99.7% CPU
Optimizing NNI: done in 0.0194581 secs using 99.41% CPU
Optimizing NNI: done in 0.0194011 secs using 99.55% CPU
Optimizing NNI: done in 0.028239 secs using 99.48% CPU
Optimizing NNI: done in 0.0116911 secs using 99.99% CPU
Optimizing NNI: done in 0.0281582 secs using 99.85% CPU
Optimizing NNI: done in 0.0278621 secs using 99.57% CPU
Optimizing NNI: done in 0.019377 secs using 99.66% CPU
Optimizing NNI: done in 0.00535297 secs using 99.31% CPU
Optimizing NNI: done in 0.0112591 secs using 99.57% CPU
Iteration 60 / LogL: -538973.611 / Time: 0h:0m:2s (0h:0m:1s left)
Optimizing NNI: done in 0.0171599 secs using 99.18% CPU
Optimizing NNI: done in 0.0213568 secs using 99.66% CPU
Optimizing NNI: done in 0.0316989 secs using 99.38% CPU
Optimizing NNI: done in 0.0170419 secs using 99.45% CPU
Optimizing NNI: done in 0.0158541 secs using 99.62% CPU
Optimizing NNI: done in 0.00953007 secs using 99.26% CPU
Optimizing NNI: done in 0.0140741 secs using 99.47% CPU
Optimizing NNI: done in 0.00866699 secs using 99.3% CPU
Optimizing NNI: done in 0.00527596 secs using 99.91% CPU
Optimizing NNI: done in 0.0142181 secs using 99.21% CPU
Iteration 70 / LogL: -538974.930 / Time: 0h:0m:2s (0h:0m:1s left)
Optimizing NNI: done in 0.0187309 secs using 99.44% CPU
Optimizing NNI: done in 0.021699 secs using 99.23% CPU
Optimizing NNI: done in 0.0257988 secs using 99.52% CPU
UPDATE BEST LOG-LIKELIHOOD: -538973.600
Optimizing NNI: done in 0.0132699 secs using 99.68% CPU
Optimizing NNI: done in 0.0237241 secs using 99.52% CPU
Optimizing NNI: done in 0.0155082 secs using 99.57% CPU
Optimizing NNI: done in 0.02002 secs using 99.19% CPU
Optimizing NNI: done in 0.0240269 secs using 99.41% CPU
Optimizing NNI: done in 0.0262082 secs using 99.4% CPU
Optimizing NNI: done in 0.0148141 secs using 99.53% CPU
Iteration 80 / LogL: -538973.687 / Time: 0h:0m:2s (0h:0m:0s left)
Optimizing NNI: done in 0.0204649 secs using 99.47% CPU
Optimizing NNI: done in 0.00889015 secs using 99.5% CPU
Optimizing NNI: done in 0.014385 secs using 99.9% CPU
UPDATE BEST LOG-LIKELIHOOD: -538973.600
Optimizing NNI: done in 0.0211198 secs using 99.8% CPU
Optimizing NNI: done in 0.01122 secs using 99.42% CPU
Optimizing NNI: done in 0.0238919 secs using 99.77% CPU
Optimizing NNI: done in 0.022141 secs using 99.54% CPU
Optimizing NNI: done in 0.0165012 secs using 99.18% CPU
Optimizing NNI: done in 0.0213811 secs using 99.43% CPU
Optimizing NNI: done in 0.00950408 secs using 99.66% CPU
Iteration 90 / LogL: -538974.944 / Time: 0h:0m:2s (0h:0m:0s left)
Optimizing NNI: done in 0.0251629 secs using 97.96% CPU
Optimizing NNI: done in 0.0208549 secs using 99.53% CPU
Optimizing NNI: done in 0.00812507 secs using 99.7% CPU
Optimizing NNI: done in 0.0253549 secs using 99.59% CPU
Optimizing NNI: done in 0.0175169 secs using 99.96% CPU
Optimizing NNI: done in 0.0338681 secs using 99.86% CPU
Optimizing NNI: done in 0.018492 secs using 99.9% CPU
Optimizing NNI: done in 0.0281761 secs using 99.89% CPU
Optimizing NNI: done in 0.029618 secs using 99.98% CPU
Optimizing NNI: done in 0.0235 secs using 99.74% CPU
Iteration 100 / LogL: -538976.490 / Time: 0h:0m:3s (0h:0m:0s left)
Optimizing NNI: done in 0.0277719 secs using 99.68% CPU
Optimizing NNI: done in 0.0189621 secs using 99.45% CPU
TREE SEARCH COMPLETED AFTER 102 ITERATIONS / Time: 0h:0m:3s

--------------------------------------------------------------------
|                    FINALIZING TREE SEARCH                        |
--------------------------------------------------------------------
Performs final model parameters optimization
Estimate model parameters (epsilon = 0.010)
1. Initial log-likelihood: -538973.600
Optimal log-likelihood: -538973.600
Rate parameters:  A-C: 1.00000  A-G: 2.63321  A-T: 1.00000  C-G: 1.00000  C-T: 2.48981  G-T: 1.00000
Base frequencies:  A: 0.250  C: 0.250  G: 0.250  T: 0.250
Parameters optimization took 1 rounds (0.004 sec)
BEST SCORE FOUND : -538973.600
Total tree length: 0.544

Total number of iterations: 102
CPU time used for tree search: 3.399 sec (0h:0m:3s)
Wall-clock time used for tree search: 3.228 sec (0h:0m:3s)
Total CPU time used: 3.435 sec (0h:0m:3s)
Total wall-clock time used: 3.258 sec (0h:0m:3s)

Analysis results written to: 
  IQ-TREE report:                pestis-pMT1-all-mafft-iqtree.fasta.iqtree
  Maximum-likelihood tree:       pestis-pMT1-all-mafft-iqtree.fasta.treefile
  Likelihood distances:          pestis-pMT1-all-mafft-iqtree.fasta.mldist
  Screen log file:               pestis-pMT1-all-mafft-iqtree.fasta.log

ALISIM COMMAND
--------------
--alisim simulated_MSA -t pestis-pMT1-all-mafft-iqtree.fasta.treefile -m "TNe{2.63321,2.48981}+FQ" --length 263294

Date and Time: Thu Mar 23 15:33:44 2023
