IQ-TREE multicore version 2.2.0 COVID-edition for Mac OS X 64-bit built Jun  1 2022
Developed by Bui Quang Minh, James Barbetti, Nguyen Lam Tung,
Olga Chernomor, Heiko Schmidt, Dominik Schrempf, Michael Woodhams, Ly Trong Nhan.

Host:    Rajvis-MacBook-Air.local (SSE4.2, 8 GB RAM)
Command: bin/iqtree2 -s pestis-pMT1-all-clustalw-iqtree.fasta
Seed:    366394 (Using SPRNG - Scalable Parallel Random Number Generator)
Time:    Thu Mar 23 15:34:40 2023
Kernel:  SSE2 - 1 threads (8 CPU cores detected)

HINT: Use -nt option to specify number of threads because your CPU has 8 cores!
HINT: -nt AUTO will automatically determine the best number of threads to use.

Reading alignment file pestis-pMT1-all-clustalw-iqtree.fasta ... Fasta format detected
Reading fasta file: done in 0.139403 secs using 96.98% CPU
Alignment most likely contains DNA/RNA sequences
Constructing alignment: done in 0.117419 secs using 68.63% CPU
Alignment has 13 sequences with 210104 columns, 4025 distinct patterns
54162 parsimony-informative, 59652 singleton sites, 96290 constant sites
               Gap/Ambiguity  Composition  p-value
Analyzing sequences: done in 9.01222e-05 secs using 96.54% CPU
   1  AE017045.1      49.24%    failed      0.00%
   2  NC_017266.1     52.74%    failed      0.00%
   3  NC_003134.1     54.21%    failed      5.00%
   4  CP045159.1      51.60%    failed      0.00%
   5  CP000309.1      54.08%    failed      0.00%
   6  NC_014022.1     55.14%    failed      0.00%
   7  CP000306.1      51.97%    failed      0.00%
   8  NC_017155.1     55.14%    failed      0.00%
   9  CP010248.1      34.85%    failed      0.00%
  10  CP009714.1      34.80%    failed      0.00%
  11  NZ_CP016275.1   54.21%    failed      0.00%
  12  NC_009596.1     54.21%    failed      0.00%
  13  NZ_CP045637.1   51.97%    failed      0.00%
WARNING: 10 sequences contain more than 50% gaps/ambiguity
****  TOTAL           50.32%  13 sequences failed composition chi2 test (p-value<5%; df=3)
NOTE: minimal branch length is reduced to 0.000000475955 for long alignment
Checking for duplicate sequences: done in 0.000114918 secs using 93.98% CPU


Create initial parsimony tree by phylogenetic likelihood library (PLL)... 0.019 seconds
Perform fast likelihood tree search using GTR+I+G model...
Estimate model parameters (epsilon = 5.000)
Perform nearest neighbor interchange...
Optimizing NNI: done in 0.0800502 secs using 98.93% CPU
Estimate model parameters (epsilon = 1.000)
1. Initial log-likelihood: -703967.223
2. Current log-likelihood: -703962.624
3. Current log-likelihood: -703958.198
4. Current log-likelihood: -703953.938
5. Current log-likelihood: -703949.839
6. Current log-likelihood: -703945.883
7. Current log-likelihood: -703942.065
8. Current log-likelihood: -703938.381
9. Current log-likelihood: -703934.818
10. Current log-likelihood: -703931.371
11. Current log-likelihood: -703928.037
12. Current log-likelihood: -703924.805
13. Current log-likelihood: -703921.671
14. Current log-likelihood: -703918.635
15. Current log-likelihood: -703915.686
16. Current log-likelihood: -703912.821
17. Current log-likelihood: -703910.042
18. Current log-likelihood: -703907.336
19. Current log-likelihood: -703904.795
20. Current log-likelihood: -703902.195
21. Current log-likelihood: -703899.700
22. Current log-likelihood: -703897.271
23. Current log-likelihood: -703894.907
24. Current log-likelihood: -703892.601
25. Current log-likelihood: -703890.429
26. Current log-likelihood: -703888.203
27. Current log-likelihood: -703886.132
28. Current log-likelihood: -703884.009
29. Current log-likelihood: -703881.968
30. Current log-likelihood: -703879.975
31. Current log-likelihood: -703878.028
32. Current log-likelihood: -703876.127
33. Current log-likelihood: -703874.267
34. Current log-likelihood: -703872.449
35. Current log-likelihood: -703870.731
36. Current log-likelihood: -703868.965
37. Current log-likelihood: -703867.262
38. Current log-likelihood: -703865.596
39. Current log-likelihood: -703863.967
40. Current log-likelihood: -703862.371
41. Current log-likelihood: -703860.809
42. Current log-likelihood: -703859.279
43. Current log-likelihood: -703857.781
44. Current log-likelihood: -703856.313
45. Current log-likelihood: -703854.875
46. Current log-likelihood: -703853.466
47. Current log-likelihood: -703852.085
48. Current log-likelihood: -703850.731
49. Current log-likelihood: -703849.403
50. Current log-likelihood: -703848.102
51. Current log-likelihood: -703846.826
52. Current log-likelihood: -703845.575
53. Current log-likelihood: -703844.348
54. Current log-likelihood: -703843.144
55. Current log-likelihood: -703841.963
56. Current log-likelihood: -703840.805
57. Current log-likelihood: -703839.668
58. Current log-likelihood: -703838.552
59. Current log-likelihood: -703837.457
60. Current log-likelihood: -703836.383
61. Current log-likelihood: -703835.328
62. Current log-likelihood: -703834.291
63. Current log-likelihood: -703833.271
64. Current log-likelihood: -703832.268
Optimal log-likelihood: -703831.280
Rate parameters:  A-C: 1.00627  A-G: 2.02184  A-T: 1.01964  C-G: 0.95392  C-T: 1.66302  G-T: 1.00000
Base frequencies:  A: 0.241  C: 0.256  G: 0.250  T: 0.253
Proportion of invariable sites: 0.016
Gamma shape alpha: 0.466
Parameters optimization took 64 rounds (2.164 sec)
Time for fast ML tree search: 3.777 seconds

NOTE: ModelFinder requires 16 MB RAM!
ModelFinder will test up to 484 DNA models (sample size: 210104) ...
 No. Model         -LnL         df  AIC          AICc         BIC
  1  GTR+F         709657.532   31  1419377.065  1419377.074  1419694.981
  2  GTR+F+I       709119.826   32  1418303.652  1418303.662  1418631.823
  3  GTR+F+G4      703893.478   32  1407850.957  1407850.967  1408179.128
  4  GTR+F+I+G4    703893.919   33  1407853.838  1407853.849  1408192.265
  5  GTR+F+R2      700425.079   33  1400916.158  1400916.169  1401254.585
  6  GTR+F+R3      700136.433   35  1400342.865  1400342.877  1400701.803
  7  GTR+F+R4      700076.923   37  1400227.846  1400227.860  1400607.295
  8  GTR+F+R5      699739.771   39  1399557.543  1399557.557  1399957.501
  9  GTR+F+R6      699534.242   41  1399150.485  1399150.501  1399570.955
 10  GTR+F+R7      699526.084   43  1399138.168  1399138.186  1399579.149
 14  GTR+F+I+I+R2  699867.057   34  1399802.114  1399802.125  1400150.796
 15  GTR+F+I+I+R3  699718.514   36  1399509.027  1399509.040  1399878.220
 16  GTR+F+I+I+R4  699536.085   38  1399148.170  1399148.184  1399537.874
WARNING: Log-likelihood -699600 of GTR+F+I+I+R5 worse than GTR+F+I+I+R4 -699536
 17  GTR+F+I+I+R5  699600.143   40  1399280.286  1399280.301  1399690.500
 38  SYM+I+I+R4    699499.621   35  1399069.241  1399069.253  1399428.179
 60  TVM+F+I+I+R4  699556.940   37  1399187.881  1399187.894  1399567.329
 82  TVMe+I+I+R4   699504.731   34  1399077.462  1399077.473  1399426.144
104  TIM3+F+I+I+R4 699540.971   36  1399153.942  1399153.955  1399523.135
126  TIM3e+I+I+R4  699500.310   33  1399066.621  1399066.631  1399405.047
148  TIM2+F+I+I+R4 699538.814   36  1399149.627  1399149.640  1399518.820
170  TIM2e+I+I+R4  699501.140   33  1399068.279  1399068.290  1399406.706
192  TIM+F+I+I+R4  699544.769   36  1399161.538  1399161.550  1399530.731
214  TIMe+I+I+R4   699502.817   33  1399071.635  1399071.646  1399410.062
236  TPM3u+F+I+I+R4 699562.158   35  1399194.317  1399194.329  1399553.254
258  TPM3+I+I+R4   699505.447   32  1399074.895  1399074.905  1399403.066
280  TPM2u+F+I+I+R4 699559.949   35  1399189.898  1399189.910  1399548.836
302  TPM2+I+I+R4   699506.340   32  1399076.679  1399076.689  1399404.851
324  K3Pu+F+I+I+R4 699565.986   35  1399201.972  1399201.984  1399560.910
346  K3P+I+I+R4    699507.979   32  1399079.958  1399079.968  1399408.129
368  TN+F+I+I+R4   699544.802   35  1399159.605  1399159.617  1399518.542
390  TNe+I+I+R4    699502.814   32  1399069.629  1399069.639  1399397.800
412  HKY+F+I+I+R4  699565.984   34  1399199.968  1399199.980  1399548.651
434  K2P+I+I+R4    699507.975   31  1399077.950  1399077.960  1399395.866
456  F81+F+I+I+R4  701031.440   33  1402128.880  1402128.891  1402467.307
478  JC+I+I+R4     700977.360   30  1402014.721  1402014.730  1402322.382
Akaike Information Criterion:           TIM3e+I+I+R4
Corrected Akaike Information Criterion: TIM3e+I+I+R4
Bayesian Information Criterion:         K2P+I+I+R4
Best-fit model: K2P+I+I+R4 chosen according to BIC

All model information printed to pestis-pMT1-all-clustalw-iqtree.fasta.model.gz
CPU time for ModelFinder: 74.243 seconds (0h:1m:14s)
Wall-clock time for ModelFinder: 74.716 seconds (0h:1m:14s)

NOTE: 6 MB RAM (0 GB) is required!
Estimate model parameters (epsilon = 0.100)
1. Initial log-likelihood: -699507.975
Optimal log-likelihood: -699507.965
Rate parameters:  A-C: 1.00000  A-G: 1.85910  A-T: 1.00000  C-G: 1.00000  C-T: 1.85910  G-T: 1.00000
Base frequencies:  A: 0.250  C: 0.250  G: 0.250  T: 0.250
Proportion of invariable sites: 0.000
Site proportion and rates:  (0.222,0.121) (0.210,0.130) (0.329,0.137) (0.239,3.762)
Parameters optimization took 1 rounds (0.036 sec)
Wrote distance file to... 
Computing ML distances based on estimated model parameters...
Calculating distance matrix: done in 0.00126195 secs using 69.34% CPU
Computing ML distances took 0.001479 sec (of wall-clock time) 0.001085 sec (of CPU time)
WARNING: Some pairwise ML distances are too long (saturated)
Setting up auxiliary I and S matrices: done in 2.21729e-05 secs using 184.9% CPU
Constructing RapidNJ tree: done in 3.40939e-05 secs using 105.6% CPU
Computing RapidNJ tree took 0.000095 sec (of wall-clock time) 0.000117 sec (of CPU time)
Log-likelihood of RapidNJ tree: -699173.819
--------------------------------------------------------------------
|             INITIALIZING CANDIDATE TREE SET                      |
--------------------------------------------------------------------
Generating 98 parsimony trees... 3.138 second
Computing log-likelihood of 97 initial trees ... 0.905 seconds
Current best score: -699173.819

Do NNI search on 20 best initial trees
Optimizing NNI: done in 0.334605 secs using 98.47% CPU
Estimate model parameters (epsilon = 0.100)
BETTER TREE FOUND at iteration 1: -696320.071
Optimizing NNI: done in 0.239508 secs using 99.36% CPU
Optimizing NNI: done in 0.152235 secs using 99.6% CPU
Optimizing NNI: done in 0.195444 secs using 99.41% CPU
Optimizing NNI: done in 0.193041 secs using 99.69% CPU
Optimizing NNI: done in 0.360431 secs using 99.61% CPU
Optimizing NNI: done in 0.151347 secs using 99.71% CPU
Optimizing NNI: done in 0.134556 secs using 99.85% CPU
Optimizing NNI: done in 0.177775 secs using 99.74% CPU
Optimizing NNI: done in 0.359059 secs using 99.75% CPU
Iteration 10 / LogL: -696320.589 / Time: 0h:0m:7s
Optimizing NNI: done in 0.250039 secs using 99.58% CPU
Optimizing NNI: done in 0.247993 secs using 99.71% CPU
Optimizing NNI: done in 0.334724 secs using 99.73% CPU
Optimizing NNI: done in 0.261022 secs using 99.61% CPU
Optimizing NNI: done in 0.232678 secs using 99.73% CPU
Optimizing NNI: done in 0.253082 secs using 99.82% CPU
Optimizing NNI: done in 0.362758 secs using 99.62% CPU
Optimizing NNI: done in 0.278878 secs using 99.58% CPU
Estimate model parameters (epsilon = 0.100)
UPDATE BEST LOG-LIKELIHOOD: -696319.947
Optimizing NNI: done in 0.234362 secs using 99.83% CPU
Optimizing NNI: done in 0.372467 secs using 99.69% CPU
WARNING: NNI search needs unusual large number of steps (13) to converge!
Iteration 20 / LogL: -699551.473 / Time: 0h:0m:9s
Finish initializing candidate tree set (5)
Current best tree score: -696319.947 / CPU time: 9.850
Number of iterations: 20
--------------------------------------------------------------------
|               OPTIMIZING CANDIDATE TREE SET                      |
--------------------------------------------------------------------
Optimizing NNI: done in 0.173483 secs using 99.71% CPU
Optimizing NNI: done in 0.383764 secs using 99.83% CPU
Optimizing NNI: done in 0.322994 secs using 99.56% CPU
WARNING: NNI search needs unusual large number of steps (13) to converge!
Optimizing NNI: done in 0.284947 secs using 99.59% CPU
Optimizing NNI: done in 0.317169 secs using 99.83% CPU
Optimizing NNI: done in 0.249946 secs using 99.57% CPU
Optimizing NNI: done in 0.358724 secs using 99.55% CPU
Optimizing NNI: done in 0.206258 secs using 99.72% CPU
Optimizing NNI: done in 0.213711 secs using 99.73% CPU
Optimizing NNI: done in 0.390809 secs using 99.51% CPU
Iteration 30 / LogL: -696320.351 / Time: 0h:0m:12s (0h:0m:31s left)
Optimizing NNI: done in 0.281137 secs using 99.19% CPU
Optimizing NNI: done in 0.179645 secs using 99.41% CPU
Optimizing NNI: done in 0.149078 secs using 99.49% CPU
Optimizing NNI: done in 0.194966 secs using 99.73% CPU
Optimizing NNI: done in 0.160608 secs using 99.73% CPU
Optimizing NNI: done in 0.30435 secs using 99.87% CPU
Optimizing NNI: done in 0.141543 secs using 99.55% CPU
Optimizing NNI: done in 0.290163 secs using 99.77% CPU
Optimizing NNI: done in 0.133993 secs using 99.72% CPU
Optimizing NNI: done in 0.087445 secs using 99.77% CPU
Iteration 40 / LogL: -696320.016 / Time: 0h:0m:14s (0h:0m:23s left)
Optimizing NNI: done in 0.176081 secs using 99.47% CPU
Optimizing NNI: done in 0.149607 secs using 99.37% CPU
Optimizing NNI: done in 0.337395 secs using 99.61% CPU
Optimizing NNI: done in 0.183133 secs using 99.72% CPU
Optimizing NNI: done in 0.377325 secs using 99.54% CPU
Optimizing NNI: done in 0.335734 secs using 96.15% CPU
Optimizing NNI: done in 0.123604 secs using 99.45% CPU
Optimizing NNI: done in 0.350144 secs using 99.51% CPU
Optimizing NNI: done in 0.121924 secs using 99.56% CPU
Optimizing NNI: done in 0.240619 secs using 99.55% CPU
Iteration 50 / LogL: -696320.174 / Time: 0h:0m:17s (0h:0m:17s left)
Optimizing NNI: done in 0.310093 secs using 99.82% CPU
Optimizing NNI: done in 0.180305 secs using 99.68% CPU
Optimizing NNI: done in 0.223767 secs using 99.52% CPU
Optimizing NNI: done in 0.131499 secs using 99.49% CPU
Optimizing NNI: done in 0.120355 secs using 99.43% CPU
Optimizing NNI: done in 0.121238 secs using 99.51% CPU
Optimizing NNI: done in 0.108057 secs using 99.38% CPU
Optimizing NNI: done in 0.136646 secs using 99.53% CPU
Optimizing NNI: done in 0.367202 secs using 99.44% CPU
Optimizing NNI: done in 0.353052 secs using 99.52% CPU
Iteration 60 / LogL: -696320.325 / Time: 0h:0m:19s (0h:0m:13s left)
Optimizing NNI: done in 0.355128 secs using 99.6% CPU
Optimizing NNI: done in 0.057862 secs using 99.34% CPU
Optimizing NNI: done in 0.374077 secs using 99.64% CPU
Optimizing NNI: done in 0.339998 secs using 99.68% CPU
Optimizing NNI: done in 0.28268 secs using 99.78% CPU
Optimizing NNI: done in 0.349956 secs using 99.82% CPU
Optimizing NNI: done in 0.077853 secs using 99.72% CPU
Optimizing NNI: done in 0.0752678 secs using 99.62% CPU
Optimizing NNI: done in 0.282626 secs using 99.7% CPU
Optimizing NNI: done in 0.368109 secs using 99.66% CPU
Iteration 70 / LogL: -696320.377 / Time: 0h:0m:21s (0h:0m:9s left)
Optimizing NNI: done in 0.304999 secs using 99.62% CPU
WARNING: NNI search needs unusual large number of steps (13) to converge!
Optimizing NNI: done in 0.242944 secs using 99.52% CPU
Optimizing NNI: done in 0.300806 secs using 99.47% CPU
Optimizing NNI: done in 0.406765 secs using 99.66% CPU
Optimizing NNI: done in 0.0837588 secs using 99.86% CPU
Optimizing NNI: done in 0.295976 secs using 99.74% CPU
Optimizing NNI: done in 0.326126 secs using 99.7% CPU
Optimizing NNI: done in 0.367503 secs using 99.72% CPU
Optimizing NNI: done in 0.352384 secs using 99.67% CPU
Optimizing NNI: done in 0.060853 secs using 99.52% CPU
Iteration 80 / LogL: -696320.243 / Time: 0h:0m:24s (0h:0m:6s left)
Optimizing NNI: done in 0.343515 secs using 99.5% CPU
Optimizing NNI: done in 0.234685 secs using 99.87% CPU
Optimizing NNI: done in 0.324804 secs using 99.9% CPU
Optimizing NNI: done in 0.296767 secs using 99.68% CPU
Optimizing NNI: done in 0.299706 secs using 99.88% CPU
WARNING: NNI search needs unusual large number of steps (13) to converge!
Optimizing NNI: done in 0.356419 secs using 99.9% CPU
Optimizing NNI: done in 0.104531 secs using 99.83% CPU
Optimizing NNI: done in 0.348417 secs using 99.85% CPU
Optimizing NNI: done in 0.319111 secs using 99.9% CPU
Optimizing NNI: done in 0.30513 secs using 99.82% CPU
WARNING: NNI search needs unusual large number of steps (13) to converge!
Iteration 90 / LogL: -696320.148 / Time: 0h:0m:27s (0h:0m:3s left)
Optimizing NNI: done in 0.335449 secs using 99.81% CPU
Optimizing NNI: done in 0.279602 secs using 99.87% CPU
Optimizing NNI: done in 0.322219 secs using 99.43% CPU
Optimizing NNI: done in 0.294209 secs using 99.69% CPU
Optimizing NNI: done in 0.329498 secs using 99.72% CPU
Optimizing NNI: done in 0.081418 secs using 99.14% CPU
Optimizing NNI: done in 0.364626 secs using 98.8% CPU
Optimizing NNI: done in 0.271453 secs using 99.53% CPU
Optimizing NNI: done in 0.242627 secs using 99.49% CPU
Optimizing NNI: done in 0.308518 secs using 99.45% CPU
WARNING: NNI search needs unusual large number of steps (13) to converge!
Iteration 100 / LogL: -696320.203 / Time: 0h:0m:30s (0h:0m:0s left)
Optimizing NNI: done in 0.397594 secs using 99.58% CPU
Optimizing NNI: done in 0.30713 secs using 99.69% CPU
WARNING: NNI search needs unusual large number of steps (13) to converge!
TREE SEARCH COMPLETED AFTER 102 ITERATIONS / Time: 0h:0m:31s

--------------------------------------------------------------------
|                    FINALIZING TREE SEARCH                        |
--------------------------------------------------------------------
Performs final model parameters optimization
Estimate model parameters (epsilon = 0.010)
1. Initial log-likelihood: -696319.947
2. Current log-likelihood: -696319.882
3. Current log-likelihood: -696319.817
4. Current log-likelihood: -696319.752
5. Current log-likelihood: -696319.688
6. Current log-likelihood: -696319.623
7. Current log-likelihood: -696319.558
8. Current log-likelihood: -696319.494
9. Current log-likelihood: -696319.429
10. Current log-likelihood: -696319.365
11. Current log-likelihood: -696319.300
12. Current log-likelihood: -696319.235
13. Current log-likelihood: -696319.170
14. Current log-likelihood: -696319.106
15. Current log-likelihood: -696319.041
16. Current log-likelihood: -696318.976
17. Current log-likelihood: -696318.911
18. Current log-likelihood: -696318.846
19. Current log-likelihood: -696318.781
20. Current log-likelihood: -696318.716
21. Current log-likelihood: -696318.651
22. Current log-likelihood: -696318.585
23. Current log-likelihood: -696318.520
24. Current log-likelihood: -696318.455
25. Current log-likelihood: -696318.389
26. Current log-likelihood: -696318.324
27. Current log-likelihood: -696318.258
28. Current log-likelihood: -696318.193
29. Current log-likelihood: -696318.127
30. Current log-likelihood: -696318.061
31. Current log-likelihood: -696317.995
32. Current log-likelihood: -696317.930
33. Current log-likelihood: -696317.864
34. Current log-likelihood: -696317.798
35. Current log-likelihood: -696317.732
36. Current log-likelihood: -696317.666
37. Current log-likelihood: -696317.600
38. Current log-likelihood: -696317.533
39. Current log-likelihood: -696317.467
40. Current log-likelihood: -696317.401
41. Current log-likelihood: -696317.334
42. Current log-likelihood: -696317.268
43. Current log-likelihood: -696317.202
44. Current log-likelihood: -696317.135
45. Current log-likelihood: -696317.068
46. Current log-likelihood: -696317.002
47. Current log-likelihood: -696316.935
48. Current log-likelihood: -696316.868
49. Current log-likelihood: -696316.801
50. Current log-likelihood: -696316.734
51. Current log-likelihood: -696316.668
52. Current log-likelihood: -696316.600
53. Current log-likelihood: -696316.533
54. Current log-likelihood: -696316.466
55. Current log-likelihood: -696316.399
56. Current log-likelihood: -696316.332
57. Current log-likelihood: -696316.265
58. Current log-likelihood: -696316.197
59. Current log-likelihood: -696316.130
60. Current log-likelihood: -696316.062
61. Current log-likelihood: -696315.995
62. Current log-likelihood: -696315.927
63. Current log-likelihood: -696315.860
64. Current log-likelihood: -696315.792
65. Current log-likelihood: -696315.724
66. Current log-likelihood: -696315.656
67. Current log-likelihood: -696315.589
68. Current log-likelihood: -696315.521
69. Current log-likelihood: -696315.453
70. Current log-likelihood: -696315.385
71. Current log-likelihood: -696315.316
72. Current log-likelihood: -696315.248
73. Current log-likelihood: -696315.180
74. Current log-likelihood: -696315.112
75. Current log-likelihood: -696315.044
76. Current log-likelihood: -696314.975
77. Current log-likelihood: -696314.907
78. Current log-likelihood: -696314.838
79. Current log-likelihood: -696314.770
80. Current log-likelihood: -696314.701
81. Current log-likelihood: -696314.633
82. Current log-likelihood: -696314.564
83. Current log-likelihood: -696314.495
84. Current log-likelihood: -696314.426
85. Current log-likelihood: -696314.357
86. Current log-likelihood: -696314.289
87. Current log-likelihood: -696314.220
88. Current log-likelihood: -696314.151
89. Current log-likelihood: -696314.081
90. Current log-likelihood: -696314.012
91. Current log-likelihood: -696313.943
92. Current log-likelihood: -696313.874
93. Current log-likelihood: -696313.805
94. Current log-likelihood: -696313.735
95. Current log-likelihood: -696313.666
96. Current log-likelihood: -696313.596
97. Current log-likelihood: -696313.527
98. Current log-likelihood: -696313.457
99. Current log-likelihood: -696313.388
Optimal log-likelihood: -696313.388
Rate parameters:  A-C: 1.00000  A-G: 1.79934  A-T: 1.00000  C-G: 1.00000  C-T: 1.79934  G-T: 1.00000
Base frequencies:  A: 0.250  C: 0.250  G: 0.250  T: 0.250
Proportion of invariable sites: 0.000
Site proportion and rates:  (0.273,0.134) (0.220,0.144) (0.295,0.151) (0.212,4.182)
Parameters optimization took 99 rounds (7.493 sec)
BEST SCORE FOUND : -696313.388
Total tree length: 8.513

Total number of iterations: 102
CPU time used for tree search: 31.036 sec (0h:0m:31s)
Wall-clock time used for tree search: 31.050 sec (0h:0m:31s)
Total CPU time used: 38.678 sec (0h:0m:38s)
Total wall-clock time used: 38.662 sec (0h:0m:38s)

Analysis results written to: 
  IQ-TREE report:                pestis-pMT1-all-clustalw-iqtree.fasta.iqtree
  Maximum-likelihood tree:       pestis-pMT1-all-clustalw-iqtree.fasta.treefile
  Likelihood distances:          pestis-pMT1-all-clustalw-iqtree.fasta.mldist
  Screen log file:               pestis-pMT1-all-clustalw-iqtree.fasta.log

ALISIM COMMAND
--------------
--alisim simulated_MSA -t pestis-pMT1-all-clustalw-iqtree.fasta.treefile -m "K2P{1.79934}+FQ+I{0.000101686}+R4{0.273281,0.133785,0.219949,0.143958,0.294527,0.151208,0.212145,4.18224}" --length 210104

Date and Time: Thu Mar 23 15:36:34 2023
