
RAxML-NG v. 1.1.0 released on 29.11.2021 by The Exelixis Lab.
Developed by: Alexey M. Kozlov and Alexandros Stamatakis.
Contributors: Diego Darriba, Tomas Flouri, Benoit Morel, Sarah Lutteropp, Ben Bettisworth.
Latest version: https://github.com/amkozlov/raxml-ng
Questions/problems/suggestions? Please visit: https://groups.google.com/forum/#!forum/raxml

System: Apple M1, 8 cores, 8 GB RAM

RAxML-NG was called at 23-Mar-2023 15:10:32 as follows:

./raxml-ng --parse --msa pestis-pMT1-all-mafft-raxml.fasta.raxml.reduced.phy.raxml.log --model GTR+G

Analysis options:
  run mode: Alignment parsing and compression
  start tree(s): 
  random seed: 1679602232
  tip-inner: OFF
  pattern compression: ON
  per-rate scalers: OFF
  site repeats: ON
  branch lengths: proportional (ML estimate, algorithm: NR-FAST)
  SIMD kernels: SSE3
  parallelization: coarse-grained (auto), PTHREADS (auto)

[00:00:00] Reading alignment from file: pestis-pMT1-all-mafft-raxml.fasta.raxml.reduced.phy.raxml.log

ERROR: Error loading MSA: cannot parse any format supported by RAxML-NG!
Please re-run with --msa-format <FORMAT> and/or --log debug to get more information.

